[2026-03-18T17:22:42.455-0400] {manager.py:483} INFO - Processing files using up to 1 processes at a time 
[2026-03-18T17:22:42.455-0400] {manager.py:484} INFO - Process each file at most once every 30 seconds
[2026-03-18T17:22:42.455-0400] {manager.py:485} INFO - Checking for new files in /Users/cristian/Desktop/Repos/ml_ops_repos/lab4_model_training/dags every 300 seconds
[2026-03-18T17:22:42.455-0400] {manager.py:821} INFO - Searching for files in /Users/cristian/Desktop/Repos/ml_ops_repos/lab4_model_training/dags
[2026-03-18T17:22:42.457-0400] {manager.py:824} INFO - There are 3 files in /Users/cristian/Desktop/Repos/ml_ops_repos/lab4_model_training/dags
[2026-03-18T17:22:54.703-0400] {manager.py:465} INFO - Exiting gracefully upon receiving signal 15
[2026-03-18T17:27:57.739-0400] {manager.py:483} INFO - Processing files using up to 1 processes at a time 
[2026-03-18T17:27:57.739-0400] {manager.py:484} INFO - Process each file at most once every 30 seconds
[2026-03-18T17:27:57.740-0400] {manager.py:485} INFO - Checking for new files in /Users/cristian/Desktop/Repos/ml_ops_repos/lab4_model_training/dags every 300 seconds
[2026-03-18T17:27:57.740-0400] {manager.py:821} INFO - Searching for files in /Users/cristian/Desktop/Repos/ml_ops_repos/lab4_model_training/dags
[2026-03-18T17:27:57.741-0400] {manager.py:824} INFO - There are 3 files in /Users/cristian/Desktop/Repos/ml_ops_repos/lab4_model_training/dags
[2026-03-18T17:28:03.315-0400] {manager.py:465} INFO - Exiting gracefully upon receiving signal 15
[2026-03-18T17:28:36.132-0400] {manager.py:483} INFO - Processing files using up to 1 processes at a time 
[2026-03-18T17:28:36.132-0400] {manager.py:484} INFO - Process each file at most once every 30 seconds
[2026-03-18T17:28:36.132-0400] {manager.py:485} INFO - Checking for new files in /Users/cristian/Desktop/Repos/ml_ops_repos/lab4_model_training/dags every 300 seconds
[2026-03-18T17:28:36.132-0400] {manager.py:821} INFO - Searching for files in /Users/cristian/Desktop/Repos/ml_ops_repos/lab4_model_training/dags
[2026-03-18T17:28:36.133-0400] {manager.py:824} INFO - There are 3 files in /Users/cristian/Desktop/Repos/ml_ops_repos/lab4_model_training/dags
[2026-03-18T17:28:58.509-0400] {manager.py:997} INFO - 
================================================================================
DAG File Processing Stats

File Path                                                                                 PID    Runtime      # DAGs    # Errors  Last Runtime    Last Run               Last # of DB Queries
----------------------------------------------------------------------------------------  -----  ---------  --------  ----------  --------------  -------------------  ----------------------
/Users/cristian/Desktop/Repos/ml_ops_repos/lab4_model_training/dags/train_model_dag.py                             1           0  22.31s          2026-03-18T21:28:58                      40
/Users/cristian/Desktop/Repos/ml_ops_repos/lab4_model_training/dags/generate_data_dag.py                           0           0                                                            0
/Users/cristian/Desktop/Repos/ml_ops_repos/lab4_model_training/dags/ml_pipeline_dag.py                             0           0                                                            0
================================================================================
[2026-03-18T17:29:11.936-0400] {manager.py:465} INFO - Exiting gracefully upon receiving signal 15
