[2026-03-18T17:22:43.190-0400] {processor.py:186} INFO - Started process (PID=47783) to work on /Users/cristian/Desktop/Repos/ml_ops_repos/lab4_model_training/dags/train_model_dag.py
[2026-03-18T17:22:43.191-0400] {processor.py:914} INFO - Processing file /Users/cristian/Desktop/Repos/ml_ops_repos/lab4_model_training/dags/train_model_dag.py for tasks to queue
[2026-03-18T17:22:43.191-0400] {logging_mixin.py:190} INFO - [2026-03-18T17:22:43.191-0400] {dagbag.py:588} INFO - Filling up the DagBag from /Users/cristian/Desktop/Repos/ml_ops_repos/lab4_model_training/dags/train_model_dag.py
[2026-03-18T17:27:58.486-0400] {processor.py:186} INFO - Started process (PID=49745) to work on /Users/cristian/Desktop/Repos/ml_ops_repos/lab4_model_training/dags/train_model_dag.py
[2026-03-18T17:27:58.487-0400] {processor.py:914} INFO - Processing file /Users/cristian/Desktop/Repos/ml_ops_repos/lab4_model_training/dags/train_model_dag.py for tasks to queue
[2026-03-18T17:27:58.487-0400] {logging_mixin.py:190} INFO - [2026-03-18T17:27:58.487-0400] {dagbag.py:588} INFO - Filling up the DagBag from /Users/cristian/Desktop/Repos/ml_ops_repos/lab4_model_training/dags/train_model_dag.py
[2026-03-18T17:28:36.910-0400] {processor.py:186} INFO - Started process (PID=50037) to work on /Users/cristian/Desktop/Repos/ml_ops_repos/lab4_model_training/dags/train_model_dag.py
[2026-03-18T17:28:36.910-0400] {processor.py:914} INFO - Processing file /Users/cristian/Desktop/Repos/ml_ops_repos/lab4_model_training/dags/train_model_dag.py for tasks to queue
[2026-03-18T17:28:36.911-0400] {logging_mixin.py:190} INFO - [2026-03-18T17:28:36.911-0400] {dagbag.py:588} INFO - Filling up the DagBag from /Users/cristian/Desktop/Repos/ml_ops_repos/lab4_model_training/dags/train_model_dag.py
[2026-03-18T17:28:58.179-0400] {processor.py:925} INFO - DAG(s) 'train_model_only' retrieved from /Users/cristian/Desktop/Repos/ml_ops_repos/lab4_model_training/dags/train_model_dag.py
[2026-03-18T17:28:58.266-0400] {logging_mixin.py:190} INFO - [2026-03-18T17:28:58.266-0400] {override.py:1930} INFO - Created Permission View: can read on DAG:train_model_only
[2026-03-18T17:28:58.269-0400] {logging_mixin.py:190} INFO - [2026-03-18T17:28:58.269-0400] {override.py:1930} INFO - Created Permission View: can edit on DAG:train_model_only
[2026-03-18T17:28:58.272-0400] {logging_mixin.py:190} INFO - [2026-03-18T17:28:58.272-0400] {override.py:1930} INFO - Created Permission View: can delete on DAG:train_model_only
[2026-03-18T17:28:58.278-0400] {logging_mixin.py:190} INFO - [2026-03-18T17:28:58.278-0400] {override.py:1930} INFO - Created Permission View: can create on DAG Run:train_model_only
[2026-03-18T17:28:58.281-0400] {logging_mixin.py:190} INFO - [2026-03-18T17:28:58.281-0400] {override.py:1930} INFO - Created Permission View: menu access on DAG Run:train_model_only
[2026-03-18T17:28:58.284-0400] {logging_mixin.py:190} INFO - [2026-03-18T17:28:58.284-0400] {override.py:1930} INFO - Created Permission View: can read on DAG Run:train_model_only
[2026-03-18T17:28:58.285-0400] {logging_mixin.py:190} INFO - [2026-03-18T17:28:58.285-0400] {override.py:1930} INFO - Created Permission View: can delete on DAG Run:train_model_only
[2026-03-18T17:28:58.286-0400] {logging_mixin.py:190} INFO - [2026-03-18T17:28:58.285-0400] {dag.py:3239} INFO - Sync 1 DAGs
[2026-03-18T17:28:58.290-0400] {logging_mixin.py:190} INFO - [2026-03-18T17:28:58.290-0400] {dag.py:3262} INFO - Creating ORM DAG for train_model_only
[2026-03-18T17:28:58.290-0400] {logging_mixin.py:190} INFO - [2026-03-18T17:28:58.290-0400] {dag.py:4180} INFO - Setting next_dagrun for train_model_only to None, run_after=None
[2026-03-18T17:28:58.297-0400] {processor.py:208} INFO - Processing /Users/cristian/Desktop/Repos/ml_ops_repos/lab4_model_training/dags/train_model_dag.py took 21.389 seconds
